<?xml version="1.0" encoding="utf-8"?><testsuites name="pytest tests"><testsuite name="pytest" errors="0" failures="0" skipped="0" tests="5" time="3.007" timestamp="2026-06-30T13:25:12.776914+00:00" hostname="agent-env-74b5fd10-848c-447b-ae6d-47ffd56533fb"><testcase classname="tests.test_termo_real_import.TestRealTermografiaImport" name="test_real_xlsx_present_and_termo_sheet" time="0.292" /><testcase classname="tests.test_termo_real_import.TestVibracaoUnbroken" name="test_vibracao_count" time="0.845" /><testcase classname="tests.test_termo_real_import.TestRealTermografiaImport" name="test_import_real_file" time="1.129" /><testcase classname="tests.test_termo_real_import.TestRealTermografiaImport" name="test_termografia_count_and_shape" time="0.054" /><testcase classname="tests.test_termo_real_import.TestRealTermografiaImport" name="test_reimport_is_idempotent" time="0.503" /></testsuite></testsuites>