<?xml version="1.0" encoding="utf-8"?><testsuites name="pytest tests"><testsuite name="pytest" errors="0" failures="0" skipped="0" tests="5" time="1.309" timestamp="2026-07-02T13:34:13.680522+00:00" hostname="agent-env-74b5fd10-848c-447b-ae6d-47ffd56533fb"><testcase classname="tests.test_iter9_same_day_measurements" name="test_total_10_measurements" time="0.772" /><testcase classname="tests.test_iter9_same_day_measurements" name="test_all_have_ordem_field" time="0.000" /><testcase classname="tests.test_iter9_same_day_measurements" name="test_1hv_has_4_readings_including_same_day" time="0.000" /><testcase classname="tests.test_iter9_same_day_measurements" name="test_1ha_and_2hv_counts" time="0.000" /><testcase classname="tests.test_iter9_same_day_measurements" name="test_1hv_latest_is_a2_alarm" time="0.000" /></testsuite></testsuites>