<?xml version="1.0" encoding="utf-8"?><testsuites name="pytest tests"><testsuite name="pytest" errors="0" failures="0" skipped="0" tests="6" time="3.148" timestamp="2026-07-02T14:53:41.337109+00:00" hostname="agent-env-74b5fd10-848c-447b-ae6d-47ffd56533fb"><testcase classname="tests.test_iter12_manual.TestManualMarkdown" name="test_admin_get_manual_returns_markdown" time="0.786" /><testcase classname="tests.test_iter12_manual.TestManualPdf" name="test_admin_get_manual_pdf" time="1.577" /><testcase classname="tests.test_iter12_manual.TestManualMarkdown" name="test_viewer_get_manual_403" time="1.169" /><testcase classname="tests.test_iter12_manual.TestManualPdf" name="test_viewer_get_manual_pdf_403" time="0.581" /><testcase classname="tests.test_iter12_manual.TestManualMarkdown" name="test_no_auth_401" time="0.134" /><testcase classname="tests.test_iter12_manual.TestRoleGating" name="test_audit_deletions_admin_only" time="0.396" /></testsuite></testsuites>