<?xml version="1.0" encoding="utf-8"?><testsuites name="pytest tests"><testsuite name="pytest" errors="0" failures="0" skipped="0" tests="7" time="3.347" timestamp="2026-07-02T13:56:12.503192+00:00" hostname="agent-env-74b5fd10-848c-447b-ae6d-47ffd56533fb"><testcase classname="tests.test_iter10_thermal_export_alerts.TestThermalImport" name="test_import_and_classify" time="1.375" /><testcase classname="tests.test_iter10_thermal_export_alerts.TestExports" name="test_measurements_export_xlsx" time="0.782" /><testcase classname="tests.test_iter10_thermal_export_alerts.TestExports" name="test_thermal_export_xlsx" time="0.081" /><testcase classname="tests.test_iter10_thermal_export_alerts.TestThermalList" name="test_thermal_alarme_and_delta_t" time="0.078" /><testcase classname="tests.test_iter10_thermal_export_alerts.TestDashboardAlerts" name="test_latest_alerts_contains_vibration_and_thermal" time="0.076" /><testcase classname="tests.test_iter10_thermal_export_alerts.TestThermalImport" name="test_delete_thermal_by_id_and_point_clear_and_viewer_forbidden" time="1.009" /><testcase classname="tests.test_iter10_thermal_export_alerts.TestThermalTemplate" name="test_template_returns_xlsx" time="0.086" /></testsuite></testsuites>