<?xml version="1.0" encoding="utf-8"?><testsuites name="pytest tests"><testsuite name="pytest" errors="0" failures="0" skipped="0" tests="5" time="2.377" timestamp="2026-06-30T13:45:57.449981+00:00" hostname="agent-env-74b5fd10-848c-447b-ae6d-47ffd56533fb"><testcase classname="tests.test_vibracao_peak_and_fuzzy" name="test_esf0001_motor01_has_three_real_measurements" time="0.662" /><testcase classname="tests.test_vibracao_peak_and_fuzzy" name="test_peak_is_2hv_92" time="0.141" /><testcase classname="tests.test_vibracao_peak_and_fuzzy" name="test_no_raw_esf_stub_machine_exists" time="0.151" /><testcase classname="tests.test_vibracao_peak_and_fuzzy" name="test_fuzzy_subconjunto_contains_matches_existing_composite" time="0.445" /><testcase classname="tests.test_vibracao_peak_and_fuzzy" name="test_cleanup_fuzzy_3hv_measurement" time="0.399" /></testsuite></testsuites>