<?xml version="1.0" encoding="utf-8"?><testsuites name="pytest tests"><testsuite name="pytest" errors="0" failures="0" skipped="0" tests="8" time="1.791" timestamp="2026-06-30T13:14:27.063899+00:00" hostname="agent-env-74b5fd10-848c-447b-ae6d-47ffd56533fb"><testcase classname="tests.test_vibracao_termo.TestTemplate" name="test_template_download" time="0.555" /><testcase classname="tests.test_vibracao_termo.TestImportMeasurements" name="test_import_case_insensitive_match" time="0.183" /><testcase classname="tests.test_vibracao_termo.TestDeleteMeasurements" name="test_delete_single_as_viewer_403" time="0.404" /><testcase classname="tests.test_vibracao_termo.TestDeleteMeasurements" name="test_delete_single_as_admin" time="0.048" /><testcase classname="tests.test_vibracao_termo.TestDeleteMeasurements" name="test_point_clear_as_viewer_403" time="0.060" /><testcase classname="tests.test_vibracao_termo.TestDeleteMeasurements" name="test_point_clear_as_admin" time="0.092" /><testcase classname="tests.test_vibracao_termo.TestMachinesImportTermo" name="test_import_termografia_sheet" time="0.107" /><testcase classname="tests.test_vibracao_termo.TestMachinesImportTermo" name="test_cleanup_termo" time="0.104" /></testsuite></testsuites>