<?xml version="1.0" encoding="utf-8"?><testsuites name="pytest tests"><testsuite name="pytest" errors="0" failures="0" skipped="0" tests="22" time="6.413" timestamp="2026-07-02T17:08:52.261314+00:00" hostname="agent-env-74b5fd10-848c-447b-ae6d-47ffd56533fb"><testcase classname="tests.test_iter13_multitenant.TestTenantCRUD" name="test_create_tenant_and_login" time="1.223" /><testcase classname="tests.test_iter13_multitenant.TestSuperAdminIsolation" name="test_no_header_returns_empty_machines" time="1.034" /><testcase classname="tests.test_iter13_multitenant.TestSuperAdminIsolation" name="test_saudali_header_returns_data" time="0.354" /><testcase classname="tests.test_iter13_multitenant.TestTenantCRUD" name="test_new_tenant_admin_empty_state" time="0.659" /><testcase classname="tests.test_iter13_multitenant.TestSuperAdminIsolation" name="test_demo_header_returns_data" time="0.249" /><testcase classname="tests.test_iter13_multitenant.TestSuperAdminIsolation" name="test_isolation_dashboard" time="0.272" /><testcase classname="tests.test_iter13_multitenant.TestTenantCRUD" name="test_new_tenant_sees_global_defects" time="0.480" /><testcase classname="tests.test_iter13_multitenant.TestSuperAdminIsolation" name="test_isolation_diagnostics_measurements_thermal" time="1.296" /><testcase classname="tests.test_iter13_multitenant.TestTenantCRUD" name="test_delete_tenant" time="0.358" /><testcase classname="tests.test_iter13_multitenant.TestSuperAdmin" name="test_login_returns_superadmin_role" time="0.351" /><testcase classname="tests.test_iter13_multitenant.TestSuperAdmin" name="test_me_shows_null_tenant" time="0.198" /><testcase classname="tests.test_iter13_multitenant.TestTenantAdminIsolation" name="test_saudali_admin_sees_own_data" time="0.743" /><testcase classname="tests.test_iter13_multitenant.TestTenantsEndpoint" name="test_list_tenants_superadmin" time="0.297" /><testcase classname="tests.test_iter13_multitenant.TestTenantsEndpoint" name="test_tenant_admin_cannot_list_tenants" time="0.500" /><testcase classname="tests.test_iter13_multitenant.TestTenantAdminIsolation" name="test_saudali_admin_spoof_header_ignored" time="0.902" /><testcase classname="tests.test_iter13_multitenant.TestGlobalDefects" name="test_saudali_and_demo_see_same_defects" time="0.791" /><testcase classname="tests.test_iter13_multitenant.TestTenantAdminIsolation" name="test_tenant_admin_me" time="0.140" /><testcase classname="tests.test_iter13_multitenant.TestGlobalDefects" name="test_superadmin_sees_defects_without_tenant" time="0.133" /><testcase classname="tests.test_iter13_multitenant.TestWriteRequiresTenant" name="test_superadmin_no_tenant_create_machine_400" time="0.364" /><testcase classname="tests.test_iter13_multitenant.TestAuthRegisterScoped" name="test_saudali_admin_registers_user_in_own_tenant" time="0.702" /><testcase classname="tests.test_iter13_multitenant.TestWriteRequiresTenant" name="test_superadmin_with_tenant_create_machine_200" time="0.550" /><testcase classname="tests.test_iter13_multitenant.TestAuthRegisterScoped" name="test_superadmin_register_without_tenant_400" time="0.139" /></testsuite></testsuites>