<?xml version="1.0" encoding="utf-8"?><testsuites name="pytest tests"><testsuite name="pytest" errors="0" failures="0" skipped="0" tests="8" time="4.898" timestamp="2026-07-02T14:34:41.090476+00:00" hostname="agent-env-74b5fd10-848c-447b-ae6d-47ffd56533fb"><testcase classname="tests.test_iter11_batch_ts_pivot.TestVibracaoBatchTs" name="test_multi_points_share_single_timestamp" time="1.000" /><testcase classname="tests.test_iter11_batch_ts_pivot.TestExportPivotByMinute" name="test_measurements_export_headers_no_duplicate_minute" time="0.806" /><testcase classname="tests.test_iter11_batch_ts_pivot.TestExportPivotByMinute" name="test_measurements_export_bba_single_column_per_minute" time="0.321" /><testcase classname="tests.test_iter11_batch_ts_pivot.TestVibracaoBatchTs" name="test_two_imports_produce_two_distinct_timestamps" time="2.682" /><testcase classname="tests.test_iter11_batch_ts_pivot.TestExportPivotByMinute" name="test_thermal_export_headers_no_duplicate_minute" time="0.093" /><testcase classname="tests.test_iter11_batch_ts_pivot.TestExportPivotByMinute" name="test_thermal_export_qde_three_columns" time="0.285" /><testcase classname="tests.test_iter11_batch_ts_pivot.TestExportPivotByMinute" name="test_measurements_export_esf_four_columns" time="0.215" /><testcase classname="tests.test_iter11_batch_ts_pivot.TestThermalBatchTs" name="test_multi_points_share_single_timestamp" time="0.334" /></testsuite></testsuites>