<?xml version="1.0" encoding="utf-8"?><testsuites name="pytest tests"><testsuite name="pytest" errors="0" failures="1" skipped="0" tests="11" time="4.121" timestamp="2026-07-02T12:54:00.393962+00:00" hostname="agent-env-74b5fd10-848c-447b-ae6d-47ffd56533fb"><testcase classname="tests.test_iter8_ordem_audit_defects.TestAuditDeletions" name="test_viewer_forbidden_403" time="0.790" /><testcase classname="tests.test_iter8_ordem_audit_defects.TestAuditDeletions" name="test_admin_ok_200" time="0.512" /><testcase classname="tests.test_iter8_ordem_audit_defects.TestDefectsTipo" name="test_defects_have_tipo" time="1.146" /><testcase classname="tests.test_iter8_ordem_audit_defects.TestDefectsTipo" name="test_at_least_12_vibracao_or_ambos" time="0.000" /><testcase classname="tests.test_iter8_ordem_audit_defects.TestDefectsTipo" name="test_at_least_6_termografia_or_ambos" time="0.000" /><testcase classname="tests.test_iter8_ordem_audit_defects.TestDefectsTipo" name="test_equipamento_bom_estado_exists_ambos_ok" time="0.000" /><testcase classname="tests.test_iter8_ordem_audit_defects.TestDefectsTipo" name="test_ponto_quente_conexao_eletrica_is_termografia" time="0.000" /><testcase classname="tests.test_iter8_ordem_audit_defects.TestMeasurementsOrdem" name="test_measurements_have_ordem_field_and_sorted_asc" time="0.138"><failure message="AssertionError: measurement missing 'ordem': {'id': '17cf7b2b-5dca-4a77-aeb6-b38f6197e923', 'machine_id': '0ad323dc-009a-4a19-abce-abb1d8dacf4f', 'machine_tag': 'BBA-0001 / Motor', 'subconjunto': 'Motor', 'ponto': '1HA', 'valor': 2.3, 'unidade': 'G', 'deteccao': 'PICO', 'data': '2026-07-02T11:46:42.249039+00:00', 'alarme': 'A1'}&#10;assert 'ordem' in {'id': '17cf7b2b-5dca-4a77-aeb6-b38f6197e923', 'machine_id': '0ad323dc-009a-4a19-abce-abb1d8dacf4f', 'machine_tag': 'BBA-0001 / Motor', 'subconjunto': 'Motor', ...}">backend/tests/test_iter8_ordem_audit_defects.py:38: in test_measurements_have_ordem_field_and_sorted_asc
    assert "ordem" in it, f"measurement missing 'ordem': {it}"
E   AssertionError: measurement missing 'ordem': {'id': '17cf7b2b-5dca-4a77-aeb6-b38f6197e923', 'machine_id': '0ad323dc-009a-4a19-abce-abb1d8dacf4f', 'machine_tag': 'BBA-0001 / Motor', 'subconjunto': 'Motor', 'ponto': '1HA', 'valor': 2.3, 'unidade': 'G', 'deteccao': 'PICO', 'data': '2026-07-02T11:46:42.249039+00:00', 'alarme': 'A1'}
E   assert 'ordem' in {'id': '17cf7b2b-5dca-4a77-aeb6-b38f6197e923', 'machine_id': '0ad323dc-009a-4a19-abce-abb1d8dacf4f', 'machine_tag': 'BBA-0001 / Motor', 'subconjunto': 'Motor', ...}</failure></testcase><testcase classname="tests.test_iter8_ordem_audit_defects.TestAuditDeletions" name="test_delete_diagnostic_creates_audit_log" time="1.089" /><testcase classname="tests.test_iter8_ordem_audit_defects.TestMeasurementsOrdem" name="test_esf0001_motor01_has_9_measurements_ordered" time="0.291" /><testcase classname="tests.test_iter8_ordem_audit_defects.TestAuditDeletions" name="test_delete_measurement_creates_audit_log" time="1.047" /></testsuite></testsuites>